DEB [20190314-08:31:43.121] thr=1   paramiko.transport: starting thread (client mode): 0x34b4518
DEB [20190314-08:31:43.124] thr=1   paramiko.transport: Local version/idstring: SSH-2.0-paramiko_2.4.2
DEB [20190314-08:31:43.125] thr=1   paramiko.transport: Remote version/idstring: SSH-2.0-OpenSSH_5.3
INF [20190314-08:31:43.125] thr=1   paramiko.transport: Connected (version 2.0, client OpenSSH_5.3)
DEB [20190314-08:31:43.127] thr=1   paramiko.transport: kex algos:['diffie-hellman-group-exchange-sha256', 'diffie-hellman-group-exchange-sha1', 'diffie-hellman-group14-sha1', 'diffie-hellman-group1-sha1'] server key:['ssh-rsa', 'ssh-dss'] client encrypt:['aes128-ctr', 'aes192-ctr', 'aes256-ctr', 'arcfour256', 'arcfour128', 'aes128-cbc', '3des-cbc', 'blowfish-cbc', 'cast128-cbc', 'aes192-cbc', 'aes256-cbc', 'arcfour', 'rijndael-cbc@lysator.liu.se'] server encrypt:['aes128-ctr', 'aes192-ctr', 'aes256-ctr', 'arcfour256', 'arcfour128', 'aes128-cbc', '3des-cbc', 'blowfish-cbc', 'cast128-cbc', 'aes192-cbc', 'aes256-cbc', 'arcfour', 'rijndael-cbc@lysator.liu.se'] client mac:['hmac-md5', 'hmac-sha1', 'umac-64@openssh.com', 'hmac-sha2-256', 'hmac-sha2-512', 'hmac-ripemd160', 'hmac-ripemd160@openssh.com', 'hmac-sha1-96', 'hmac-md5-96'] server mac:['hmac-md5', 'hmac-sha1', 'umac-64@openssh.com', 'hmac-sha2-256', 'hmac-sha2-512', 'hmac-ripemd160', 'hmac-ripemd160@openssh.com', 'hmac-sha1-96', 'hmac-md5-96'] client compress:['none', 'zlib@openssh.com'] server compress:['none', 'zlib@openssh.com'] client lang:[''] server lang:[''] kex follows?False
DEB [20190314-08:31:43.127] thr=1   paramiko.transport: Kex agreed: diffie-hellman-group-exchange-sha256
DEB [20190314-08:31:43.127] thr=1   paramiko.transport: HostKey agreed: ssh-rsa
DEB [20190314-08:31:43.127] thr=1   paramiko.transport: Cipher agreed: aes128-ctr
DEB [20190314-08:31:43.127] thr=1   paramiko.transport: MAC agreed: hmac-sha2-256
DEB [20190314-08:31:43.127] thr=1   paramiko.transport: Compression agreed: none
DEB [20190314-08:31:43.130] thr=1   paramiko.transport: Got server p (2048 bits)
DEB [20190314-08:31:43.233] thr=1   paramiko.transport: kex engine KexGexSHA256 specified hash_algo <built-in function openssl_sha256>
DEB [20190314-08:31:43.233] thr=1   paramiko.transport: Switch to new keys ...
DEB [20190314-08:31:43.233] thr=2   paramiko.transport: Adding ssh-rsa host key for 192.168.0.62: b'7d7d85cfdbf80dc442abc9c415cdb5e9'
DEB [20190314-08:31:43.272] thr=1   paramiko.transport: userauth is OK
INF [20190314-08:31:43.304] thr=1   paramiko.transport: Authentication (password) successful!
DEB [20190314-08:31:43.304] thr=2   paramiko.transport: [chan 0] Max packet in: 32768 bytes
DEB [20190314-08:31:43.306] thr=1   paramiko.transport: [chan 0] Max packet out: 32768 bytes
DEB [20190314-08:31:43.306] thr=1   paramiko.transport: Secsh channel 0 opened.
DEB [20190314-08:31:43.308] thr=1   paramiko.transport: [chan 0] Sesch channel 0 request ok
DEB [20190314-08:31:46.229] thr=1   paramiko.transport: [chan 0] EOF received (0)
DEB [20190314-08:32:32.698] thr=1   paramiko.transport: starting thread (client mode): 0x34b1588
DEB [20190314-08:32:32.698] thr=1   paramiko.transport: Local version/idstring: SSH-2.0-paramiko_2.4.2
DEB [20190314-08:32:32.701] thr=1   paramiko.transport: Remote version/idstring: SSH-2.0-OpenSSH_5.3
INF [20190314-08:32:32.701] thr=1   paramiko.transport: Connected (version 2.0, client OpenSSH_5.3)
DEB [20190314-08:32:32.702] thr=1   paramiko.transport: kex algos:['diffie-hellman-group-exchange-sha256', 'diffie-hellman-group-exchange-sha1', 'diffie-hellman-group14-sha1', 'diffie-hellman-group1-sha1'] server key:['ssh-rsa', 'ssh-dss'] client encrypt:['aes128-ctr', 'aes192-ctr', 'aes256-ctr', 'arcfour256', 'arcfour128', 'aes128-cbc', '3des-cbc', 'blowfish-cbc', 'cast128-cbc', 'aes192-cbc', 'aes256-cbc', 'arcfour', 'rijndael-cbc@lysator.liu.se'] server encrypt:['aes128-ctr', 'aes192-ctr', 'aes256-ctr', 'arcfour256', 'arcfour128', 'aes128-cbc', '3des-cbc', 'blowfish-cbc', 'cast128-cbc', 'aes192-cbc', 'aes256-cbc', 'arcfour', 'rijndael-cbc@lysator.liu.se'] client mac:['hmac-md5', 'hmac-sha1', 'umac-64@openssh.com', 'hmac-sha2-256', 'hmac-sha2-512', 'hmac-ripemd160', 'hmac-ripemd160@openssh.com', 'hmac-sha1-96', 'hmac-md5-96'] server mac:['hmac-md5', 'hmac-sha1', 'umac-64@openssh.com', 'hmac-sha2-256', 'hmac-sha2-512', 'hmac-ripemd160', 'hmac-ripemd160@openssh.com', 'hmac-sha1-96', 'hmac-md5-96'] client compress:['none', 'zlib@openssh.com'] server compress:['none', 'zlib@openssh.com'] client lang:[''] server lang:[''] kex follows?False
DEB [20190314-08:32:32.702] thr=1   paramiko.transport: Kex agreed: diffie-hellman-group-exchange-sha256
DEB [20190314-08:32:32.702] thr=1   paramiko.transport: HostKey agreed: ssh-rsa
DEB [20190314-08:32:32.702] thr=1   paramiko.transport: Cipher agreed: aes128-ctr
DEB [20190314-08:32:32.702] thr=1   paramiko.transport: MAC agreed: hmac-sha2-256
DEB [20190314-08:32:32.702] thr=1   paramiko.transport: Compression agreed: none
DEB [20190314-08:32:32.703] thr=1   paramiko.transport: Got server p (2048 bits)
DEB [20190314-08:32:32.805] thr=1   paramiko.transport: kex engine KexGexSHA256 specified hash_algo <built-in function openssl_sha256>
DEB [20190314-08:32:32.805] thr=1   paramiko.transport: Switch to new keys ...
DEB [20190314-08:32:32.806] thr=2   paramiko.transport: Adding ssh-rsa host key for 192.168.0.62: b'7d7d85cfdbf80dc442abc9c415cdb5e9'
DEB [20190314-08:32:32.845] thr=1   paramiko.transport: userauth is OK
INF [20190314-08:32:32.866] thr=1   paramiko.transport: Authentication (password) successful!
DEB [20190314-08:32:32.866] thr=2   paramiko.transport: [chan 0] Max packet in: 32768 bytes
DEB [20190314-08:32:32.867] thr=1   paramiko.transport: [chan 0] Max packet out: 32768 bytes
DEB [20190314-08:32:32.867] thr=1   paramiko.transport: Secsh channel 0 opened.
DEB [20190314-08:32:32.868] thr=1   paramiko.transport: [chan 0] Sesch channel 0 request ok
DEB [20190314-08:32:36.452] thr=1   paramiko.transport: [chan 0] EOF received (0)
DEB [20190314-08:34:03.953] thr=1   paramiko.transport: starting thread (client mode): 0x34b1550
DEB [20190314-08:34:03.953] thr=1   paramiko.transport: Local version/idstring: SSH-2.0-paramiko_2.4.2
DEB [20190314-08:34:03.956] thr=1   paramiko.transport: Remote version/idstring: SSH-2.0-OpenSSH_5.3
INF [20190314-08:34:03.956] thr=1   paramiko.transport: Connected (version 2.0, client OpenSSH_5.3)
DEB [20190314-08:34:03.957] thr=1   paramiko.transport: kex algos:['diffie-hellman-group-exchange-sha256', 'diffie-hellman-group-exchange-sha1', 'diffie-hellman-group14-sha1', 'diffie-hellman-group1-sha1'] server key:['ssh-rsa', 'ssh-dss'] client encrypt:['aes128-ctr', 'aes192-ctr', 'aes256-ctr', 'arcfour256', 'arcfour128', 'aes128-cbc', '3des-cbc', 'blowfish-cbc', 'cast128-cbc', 'aes192-cbc', 'aes256-cbc', 'arcfour', 'rijndael-cbc@lysator.liu.se'] server encrypt:['aes128-ctr', 'aes192-ctr', 'aes256-ctr', 'arcfour256', 'arcfour128', 'aes128-cbc', '3des-cbc', 'blowfish-cbc', 'cast128-cbc', 'aes192-cbc', 'aes256-cbc', 'arcfour', 'rijndael-cbc@lysator.liu.se'] client mac:['hmac-md5', 'hmac-sha1', 'umac-64@openssh.com', 'hmac-sha2-256', 'hmac-sha2-512', 'hmac-ripemd160', 'hmac-ripemd160@openssh.com', 'hmac-sha1-96', 'hmac-md5-96'] server mac:['hmac-md5', 'hmac-sha1', 'umac-64@openssh.com', 'hmac-sha2-256', 'hmac-sha2-512', 'hmac-ripemd160', 'hmac-ripemd160@openssh.com', 'hmac-sha1-96', 'hmac-md5-96'] client compress:['none', 'zlib@openssh.com'] server compress:['none', 'zlib@openssh.com'] client lang:[''] server lang:[''] kex follows?False
DEB [20190314-08:34:03.957] thr=1   paramiko.transport: Kex agreed: diffie-hellman-group-exchange-sha256
DEB [20190314-08:34:03.957] thr=1   paramiko.transport: HostKey agreed: ssh-rsa
DEB [20190314-08:34:03.957] thr=1   paramiko.transport: Cipher agreed: aes128-ctr
DEB [20190314-08:34:03.957] thr=1   paramiko.transport: MAC agreed: hmac-sha2-256
DEB [20190314-08:34:03.957] thr=1   paramiko.transport: Compression agreed: none
DEB [20190314-08:34:03.958] thr=1   paramiko.transport: Got server p (2048 bits)
DEB [20190314-08:34:04.062] thr=1   paramiko.transport: kex engine KexGexSHA256 specified hash_algo <built-in function openssl_sha256>
DEB [20190314-08:34:04.063] thr=1   paramiko.transport: Switch to new keys ...
DEB [20190314-08:34:04.063] thr=2   paramiko.transport: Adding ssh-rsa host key for 192.168.0.62: b'7d7d85cfdbf80dc442abc9c415cdb5e9'
DEB [20190314-08:34:04.102] thr=1   paramiko.transport: userauth is OK
INF [20190314-08:34:04.127] thr=1   paramiko.transport: Authentication (password) successful!
DEB [20190314-08:34:04.127] thr=2   paramiko.transport: [chan 0] Max packet in: 32768 bytes
DEB [20190314-08:34:04.128] thr=1   paramiko.transport: [chan 0] Max packet out: 32768 bytes
DEB [20190314-08:34:04.128] thr=1   paramiko.transport: Secsh channel 0 opened.
DEB [20190314-08:34:04.129] thr=1   paramiko.transport: [chan 0] Sesch channel 0 request ok
DEB [20190314-08:34:05.433] thr=1   paramiko.transport: [chan 0] EOF received (0)
DEB [20190314-08:34:43.434] thr=1   paramiko.transport: starting thread (client mode): 0x34b5518
DEB [20190314-08:34:43.434] thr=1   paramiko.transport: Local version/idstring: SSH-2.0-paramiko_2.4.2
DEB [20190314-08:34:43.438] thr=1   paramiko.transport: Remote version/idstring: SSH-2.0-OpenSSH_5.3
INF [20190314-08:34:43.438] thr=1   paramiko.transport: Connected (version 2.0, client OpenSSH_5.3)
DEB [20190314-08:34:43.439] thr=1   paramiko.transport: kex algos:['diffie-hellman-group-exchange-sha256', 'diffie-hellman-group-exchange-sha1', 'diffie-hellman-group14-sha1', 'diffie-hellman-group1-sha1'] server key:['ssh-rsa', 'ssh-dss'] client encrypt:['aes128-ctr', 'aes192-ctr', 'aes256-ctr', 'arcfour256', 'arcfour128', 'aes128-cbc', '3des-cbc', 'blowfish-cbc', 'cast128-cbc', 'aes192-cbc', 'aes256-cbc', 'arcfour', 'rijndael-cbc@lysator.liu.se'] server encrypt:['aes128-ctr', 'aes192-ctr', 'aes256-ctr', 'arcfour256', 'arcfour128', 'aes128-cbc', '3des-cbc', 'blowfish-cbc', 'cast128-cbc', 'aes192-cbc', 'aes256-cbc', 'arcfour', 'rijndael-cbc@lysator.liu.se'] client mac:['hmac-md5', 'hmac-sha1', 'umac-64@openssh.com', 'hmac-sha2-256', 'hmac-sha2-512', 'hmac-ripemd160', 'hmac-ripemd160@openssh.com', 'hmac-sha1-96', 'hmac-md5-96'] server mac:['hmac-md5', 'hmac-sha1', 'umac-64@openssh.com', 'hmac-sha2-256', 'hmac-sha2-512', 'hmac-ripemd160', 'hmac-ripemd160@openssh.com', 'hmac-sha1-96', 'hmac-md5-96'] client compress:['none', 'zlib@openssh.com'] server compress:['none', 'zlib@openssh.com'] client lang:[''] server lang:[''] kex follows?False
DEB [20190314-08:34:43.439] thr=1   paramiko.transport: Kex agreed: diffie-hellman-group-exchange-sha256
DEB [20190314-08:34:43.439] thr=1   paramiko.transport: HostKey agreed: ssh-rsa
DEB [20190314-08:34:43.440] thr=1   paramiko.transport: Cipher agreed: aes128-ctr
DEB [20190314-08:34:43.440] thr=1   paramiko.transport: MAC agreed: hmac-sha2-256
DEB [20190314-08:34:43.440] thr=1   paramiko.transport: Compression agreed: none
DEB [20190314-08:34:43.441] thr=1   paramiko.transport: Got server p (2048 bits)
DEB [20190314-08:34:43.545] thr=1   paramiko.transport: kex engine KexGexSHA256 specified hash_algo <built-in function openssl_sha256>
DEB [20190314-08:34:43.545] thr=1   paramiko.transport: Switch to new keys ...
DEB [20190314-08:34:43.546] thr=2   paramiko.transport: Adding ssh-rsa host key for 192.168.0.62: b'7d7d85cfdbf80dc442abc9c415cdb5e9'
DEB [20190314-08:34:43.585] thr=1   paramiko.transport: userauth is OK
INF [20190314-08:34:43.612] thr=1   paramiko.transport: Authentication (password) successful!
DEB [20190314-08:34:43.612] thr=2   paramiko.transport: [chan 0] Max packet in: 32768 bytes
DEB [20190314-08:34:43.613] thr=1   paramiko.transport: [chan 0] Max packet out: 32768 bytes
DEB [20190314-08:34:43.613] thr=1   paramiko.transport: Secsh channel 0 opened.
DEB [20190314-08:34:43.615] thr=1   paramiko.transport: [chan 0] Sesch channel 0 request ok
DEB [20190314-08:34:46.327] thr=1   paramiko.transport: [chan 0] EOF received (0)
DEB [20190314-08:34:46.328] thr=1   paramiko.transport: EOF in transport thread
DEB [20190315-08:32:37.512] thr=1   paramiko.transport: starting thread (client mode): 0x34b05c0
DEB [20190315-08:32:37.513] thr=1   paramiko.transport: Local version/idstring: SSH-2.0-paramiko_2.4.2
DEB [20190315-08:32:37.525] thr=1   paramiko.transport: Remote version/idstring: SSH-2.0-OpenSSH_7.4
INF [20190315-08:32:37.525] thr=1   paramiko.transport: Connected (version 2.0, client OpenSSH_7.4)
DEB [20190315-08:32:37.529] thr=1   paramiko.transport: kex algos:['curve25519-sha256', 'curve25519-sha256@libssh.org', 'ecdh-sha2-nistp256', 'ecdh-sha2-nistp384', 'ecdh-sha2-nistp521', 'diffie-hellman-group-exchange-sha256', 'diffie-hellman-group16-sha512', 'diffie-hellman-group18-sha512', 'diffie-hellman-group-exchange-sha1', 'diffie-hellman-group14-sha256', 'diffie-hellman-group14-sha1', 'diffie-hellman-group1-sha1'] server key:['ssh-rsa', 'rsa-sha2-512', 'rsa-sha2-256', 'ecdsa-sha2-nistp256', 'ssh-ed25519'] client encrypt:['chacha20-poly1305@openssh.com', 'aes128-ctr', 'aes192-ctr', 'aes256-ctr', 'aes128-gcm@openssh.com', 'aes256-gcm@openssh.com', 'aes128-cbc', 'aes192-cbc', 'aes256-cbc', 'blowfish-cbc', 'cast128-cbc', '3des-cbc'] server encrypt:['chacha20-poly1305@openssh.com', 'aes128-ctr', 'aes192-ctr', 'aes256-ctr', 'aes128-gcm@openssh.com', 'aes256-gcm@openssh.com', 'aes128-cbc', 'aes192-cbc', 'aes256-cbc', 'blowfish-cbc', 'cast128-cbc', '3des-cbc'] client mac:['umac-64-etm@openssh.com', 'umac-128-etm@openssh.com', 'hmac-sha2-256-etm@openssh.com', 'hmac-sha2-512-etm@openssh.com', 'hmac-sha1-etm@openssh.com', 'umac-64@openssh.com', 'umac-128@openssh.com', 'hmac-sha2-256', 'hmac-sha2-512', 'hmac-sha1'] server mac:['umac-64-etm@openssh.com', 'umac-128-etm@openssh.com', 'hmac-sha2-256-etm@openssh.com', 'hmac-sha2-512-etm@openssh.com', 'hmac-sha1-etm@openssh.com', 'umac-64@openssh.com', 'umac-128@openssh.com', 'hmac-sha2-256', 'hmac-sha2-512', 'hmac-sha1'] client compress:['none', 'zlib@openssh.com'] server compress:['none', 'zlib@openssh.com'] client lang:[''] server lang:[''] kex follows?False
DEB [20190315-08:32:37.529] thr=1   paramiko.transport: Kex agreed: ecdh-sha2-nistp256
DEB [20190315-08:32:37.529] thr=1   paramiko.transport: HostKey agreed: ssh-ed25519
DEB [20190315-08:32:37.529] thr=1   paramiko.transport: Cipher agreed: aes128-ctr
DEB [20190315-08:32:37.529] thr=1   paramiko.transport: MAC agreed: hmac-sha2-256
DEB [20190315-08:32:37.529] thr=1   paramiko.transport: Compression agreed: none
DEB [20190315-08:32:37.589] thr=1   paramiko.transport: kex engine KexNistp256 specified hash_algo <built-in function openssl_sha256>
DEB [20190315-08:32:37.589] thr=1   paramiko.transport: Switch to new keys ...
DEB [20190315-08:32:37.589] thr=2   paramiko.transport: Adding ssh-ed25519 host key for 192.168.0.64: b'0fdb200c9c07e0a06aae23de129d2d90'
DEB [20190315-08:32:37.629] thr=1   paramiko.transport: userauth is OK
INF [20190315-08:32:37.639] thr=1   paramiko.transport: Authentication (password) successful!
DEB [20190315-08:32:37.639] thr=2   paramiko.transport: [chan 0] Max packet in: 32768 bytes
DEB [20190315-08:32:37.650] thr=1   paramiko.transport: Received global request "hostkeys-00@openssh.com"
DEB [20190315-08:32:37.650] thr=1   paramiko.transport: Rejecting "hostkeys-00@openssh.com" global request from server.
DEB [20190315-08:32:37.852] thr=1   paramiko.transport: [chan 0] Max packet out: 32768 bytes
DEB [20190315-08:32:37.852] thr=1   paramiko.transport: Secsh channel 0 opened.
DEB [20190315-08:32:37.854] thr=1   paramiko.transport: [chan 0] Sesch channel 0 request ok
DEB [20190315-08:32:42.278] thr=1   paramiko.transport: [chan 0] EOF received (0)
DEB [20190315-08:34:31.850] thr=1   paramiko.transport: starting thread (client mode): 0x34b1550
DEB [20190315-08:34:31.851] thr=1   paramiko.transport: Local version/idstring: SSH-2.0-paramiko_2.4.2
DEB [20190315-08:34:31.856] thr=1   paramiko.transport: Remote version/idstring: SSH-2.0-OpenSSH_7.4
INF [20190315-08:34:31.857] thr=1   paramiko.transport: Connected (version 2.0, client OpenSSH_7.4)
DEB [20190315-08:34:31.858] thr=1   paramiko.transport: kex algos:['curve25519-sha256', 'curve25519-sha256@libssh.org', 'ecdh-sha2-nistp256', 'ecdh-sha2-nistp384', 'ecdh-sha2-nistp521', 'diffie-hellman-group-exchange-sha256', 'diffie-hellman-group16-sha512', 'diffie-hellman-group18-sha512', 'diffie-hellman-group-exchange-sha1', 'diffie-hellman-group14-sha256', 'diffie-hellman-group14-sha1', 'diffie-hellman-group1-sha1'] server key:['ssh-rsa', 'rsa-sha2-512', 'rsa-sha2-256', 'ecdsa-sha2-nistp256', 'ssh-ed25519'] client encrypt:['chacha20-poly1305@openssh.com', 'aes128-ctr', 'aes192-ctr', 'aes256-ctr', 'aes128-gcm@openssh.com', 'aes256-gcm@openssh.com', 'aes128-cbc', 'aes192-cbc', 'aes256-cbc', 'blowfish-cbc', 'cast128-cbc', '3des-cbc'] server encrypt:['chacha20-poly1305@openssh.com', 'aes128-ctr', 'aes192-ctr', 'aes256-ctr', 'aes128-gcm@openssh.com', 'aes256-gcm@openssh.com', 'aes128-cbc', 'aes192-cbc', 'aes256-cbc', 'blowfish-cbc', 'cast128-cbc', '3des-cbc'] client mac:['umac-64-etm@openssh.com', 'umac-128-etm@openssh.com', 'hmac-sha2-256-etm@openssh.com', 'hmac-sha2-512-etm@openssh.com', 'hmac-sha1-etm@openssh.com', 'umac-64@openssh.com', 'umac-128@openssh.com', 'hmac-sha2-256', 'hmac-sha2-512', 'hmac-sha1'] server mac:['umac-64-etm@openssh.com', 'umac-128-etm@openssh.com', 'hmac-sha2-256-etm@openssh.com', 'hmac-sha2-512-etm@openssh.com', 'hmac-sha1-etm@openssh.com', 'umac-64@openssh.com', 'umac-128@openssh.com', 'hmac-sha2-256', 'hmac-sha2-512', 'hmac-sha1'] client compress:['none', 'zlib@openssh.com'] server compress:['none', 'zlib@openssh.com'] client lang:[''] server lang:[''] kex follows?False
DEB [20190315-08:34:31.858] thr=1   paramiko.transport: Kex agreed: ecdh-sha2-nistp256
DEB [20190315-08:34:31.859] thr=1   paramiko.transport: HostKey agreed: ssh-ed25519
DEB [20190315-08:34:31.859] thr=1   paramiko.transport: Cipher agreed: aes128-ctr
DEB [20190315-08:34:31.859] thr=1   paramiko.transport: MAC agreed: hmac-sha2-256
DEB [20190315-08:34:31.859] thr=1   paramiko.transport: Compression agreed: none
DEB [20190315-08:34:31.913] thr=1   paramiko.transport: kex engine KexNistp256 specified hash_algo <built-in function openssl_sha256>
DEB [20190315-08:34:31.914] thr=1   paramiko.transport: Switch to new keys ...
DEB [20190315-08:34:31.914] thr=2   paramiko.transport: Adding ssh-ed25519 host key for 192.168.0.64: b'0fdb200c9c07e0a06aae23de129d2d90'
DEB [20190315-08:34:31.953] thr=1   paramiko.transport: userauth is OK
INF [20190315-08:34:31.976] thr=1   paramiko.transport: Authentication (password) successful!
DEB [20190315-08:34:31.976] thr=2   paramiko.transport: [chan 0] Max packet in: 32768 bytes
DEB [20190315-08:34:31.984] thr=1   paramiko.transport: Received global request "hostkeys-00@openssh.com"
DEB [20190315-08:34:31.984] thr=1   paramiko.transport: Rejecting "hostkeys-00@openssh.com" global request from server.
DEB [20190315-08:34:32.188] thr=1   paramiko.transport: [chan 0] Max packet out: 32768 bytes
DEB [20190315-08:34:32.188] thr=1   paramiko.transport: Secsh channel 0 opened.
DEB [20190315-08:34:32.190] thr=1   paramiko.transport: [chan 0] Sesch channel 0 request ok
DEB [20190315-08:34:40.223] thr=1   paramiko.transport: [chan 0] EOF received (0)
DEB [20190315-08:35:24.889] thr=1   paramiko.transport: starting thread (client mode): 0x34b1588
DEB [20190315-08:35:24.889] thr=1   paramiko.transport: Local version/idstring: SSH-2.0-paramiko_2.4.2
DEB [20190315-08:35:24.898] thr=1   paramiko.transport: Remote version/idstring: SSH-2.0-OpenSSH_7.4
INF [20190315-08:35:24.898] thr=1   paramiko.transport: Connected (version 2.0, client OpenSSH_7.4)
DEB [20190315-08:35:24.900] thr=1   paramiko.transport: kex algos:['curve25519-sha256', 'curve25519-sha256@libssh.org', 'ecdh-sha2-nistp256', 'ecdh-sha2-nistp384', 'ecdh-sha2-nistp521', 'diffie-hellman-group-exchange-sha256', 'diffie-hellman-group16-sha512', 'diffie-hellman-group18-sha512', 'diffie-hellman-group-exchange-sha1', 'diffie-hellman-group14-sha256', 'diffie-hellman-group14-sha1', 'diffie-hellman-group1-sha1'] server key:['ssh-rsa', 'rsa-sha2-512', 'rsa-sha2-256', 'ecdsa-sha2-nistp256', 'ssh-ed25519'] client encrypt:['chacha20-poly1305@openssh.com', 'aes128-ctr', 'aes192-ctr', 'aes256-ctr', 'aes128-gcm@openssh.com', 'aes256-gcm@openssh.com', 'aes128-cbc', 'aes192-cbc', 'aes256-cbc', 'blowfish-cbc', 'cast128-cbc', '3des-cbc'] server encrypt:['chacha20-poly1305@openssh.com', 'aes128-ctr', 'aes192-ctr', 'aes256-ctr', 'aes128-gcm@openssh.com', 'aes256-gcm@openssh.com', 'aes128-cbc', 'aes192-cbc', 'aes256-cbc', 'blowfish-cbc', 'cast128-cbc', '3des-cbc'] client mac:['umac-64-etm@openssh.com', 'umac-128-etm@openssh.com', 'hmac-sha2-256-etm@openssh.com', 'hmac-sha2-512-etm@openssh.com', 'hmac-sha1-etm@openssh.com', 'umac-64@openssh.com', 'umac-128@openssh.com', 'hmac-sha2-256', 'hmac-sha2-512', 'hmac-sha1'] server mac:['umac-64-etm@openssh.com', 'umac-128-etm@openssh.com', 'hmac-sha2-256-etm@openssh.com', 'hmac-sha2-512-etm@openssh.com', 'hmac-sha1-etm@openssh.com', 'umac-64@openssh.com', 'umac-128@openssh.com', 'hmac-sha2-256', 'hmac-sha2-512', 'hmac-sha1'] client compress:['none', 'zlib@openssh.com'] server compress:['none', 'zlib@openssh.com'] client lang:[''] server lang:[''] kex follows?False
DEB [20190315-08:35:24.900] thr=1   paramiko.transport: Kex agreed: ecdh-sha2-nistp256
DEB [20190315-08:35:24.900] thr=1   paramiko.transport: HostKey agreed: ssh-ed25519
DEB [20190315-08:35:24.900] thr=1   paramiko.transport: Cipher agreed: aes128-ctr
DEB [20190315-08:35:24.900] thr=1   paramiko.transport: MAC agreed: hmac-sha2-256
DEB [20190315-08:35:24.900] thr=1   paramiko.transport: Compression agreed: none
DEB [20190315-08:35:24.954] thr=1   paramiko.transport: kex engine KexNistp256 specified hash_algo <built-in function openssl_sha256>
DEB [20190315-08:35:24.954] thr=1   paramiko.transport: Switch to new keys ...
DEB [20190315-08:35:24.955] thr=2   paramiko.transport: Adding ssh-ed25519 host key for 192.168.0.64: b'0fdb200c9c07e0a06aae23de129d2d90'
DEB [20190315-08:35:24.994] thr=1   paramiko.transport: userauth is OK
INF [20190315-08:35:27.346] thr=1   paramiko.transport: Authentication (password) failed.
DEB [20190315-08:35:27.351] thr=1   paramiko.transport: EOF in transport thread
DEB [20190315-08:35:59.073] thr=1   paramiko.transport: starting thread (client mode): 0x34b1588
DEB [20190315-08:35:59.074] thr=1   paramiko.transport: Local version/idstring: SSH-2.0-paramiko_2.4.2
DEB [20190315-08:35:59.119] thr=1   paramiko.transport: Remote version/idstring: SSH-2.0-OpenSSH_7.4
INF [20190315-08:35:59.119] thr=1   paramiko.transport: Connected (version 2.0, client OpenSSH_7.4)
DEB [20190315-08:35:59.142] thr=1   paramiko.transport: kex algos:['curve25519-sha256', 'curve25519-sha256@libssh.org', 'ecdh-sha2-nistp256', 'ecdh-sha2-nistp384', 'ecdh-sha2-nistp521', 'diffie-hellman-group-exchange-sha256', 'diffie-hellman-group16-sha512', 'diffie-hellman-group18-sha512', 'diffie-hellman-group-exchange-sha1', 'diffie-hellman-group14-sha256', 'diffie-hellman-group14-sha1', 'diffie-hellman-group1-sha1'] server key:['ssh-rsa', 'rsa-sha2-512', 'rsa-sha2-256', 'ecdsa-sha2-nistp256', 'ssh-ed25519'] client encrypt:['chacha20-poly1305@openssh.com', 'aes128-ctr', 'aes192-ctr', 'aes256-ctr', 'aes128-gcm@openssh.com', 'aes256-gcm@openssh.com', 'aes128-cbc', 'aes192-cbc', 'aes256-cbc', 'blowfish-cbc', 'cast128-cbc', '3des-cbc'] server encrypt:['chacha20-poly1305@openssh.com', 'aes128-ctr', 'aes192-ctr', 'aes256-ctr', 'aes128-gcm@openssh.com', 'aes256-gcm@openssh.com', 'aes128-cbc', 'aes192-cbc', 'aes256-cbc', 'blowfish-cbc', 'cast128-cbc', '3des-cbc'] client mac:['umac-64-etm@openssh.com', 'umac-128-etm@openssh.com', 'hmac-sha2-256-etm@openssh.com', 'hmac-sha2-512-etm@openssh.com', 'hmac-sha1-etm@openssh.com', 'umac-64@openssh.com', 'umac-128@openssh.com', 'hmac-sha2-256', 'hmac-sha2-512', 'hmac-sha1'] server mac:['umac-64-etm@openssh.com', 'umac-128-etm@openssh.com', 'hmac-sha2-256-etm@openssh.com', 'hmac-sha2-512-etm@openssh.com', 'hmac-sha1-etm@openssh.com', 'umac-64@openssh.com', 'umac-128@openssh.com', 'hmac-sha2-256', 'hmac-sha2-512', 'hmac-sha1'] client compress:['none', 'zlib@openssh.com'] server compress:['none', 'zlib@openssh.com'] client lang:[''] server lang:[''] kex follows?False
DEB [20190315-08:35:59.142] thr=1   paramiko.transport: Kex agreed: ecdh-sha2-nistp256
DEB [20190315-08:35:59.142] thr=1   paramiko.transport: HostKey agreed: ssh-ed25519
DEB [20190315-08:35:59.142] thr=1   paramiko.transport: Cipher agreed: aes128-ctr
DEB [20190315-08:35:59.142] thr=1   paramiko.transport: MAC agreed: hmac-sha2-256
DEB [20190315-08:35:59.142] thr=1   paramiko.transport: Compression agreed: none
DEB [20190315-08:35:59.194] thr=1   paramiko.transport: kex engine KexNistp256 specified hash_algo <built-in function openssl_sha256>
DEB [20190315-08:35:59.195] thr=1   paramiko.transport: Switch to new keys ...
DEB [20190315-08:35:59.195] thr=2   paramiko.transport: Adding ssh-ed25519 host key for 192.168.0.64: b'0fdb200c9c07e0a06aae23de129d2d90'
DEB [20190315-08:35:59.234] thr=1   paramiko.transport: userauth is OK
INF [20190315-08:36:01.920] thr=1   paramiko.transport: Authentication (password) failed.
DEB [20190315-08:36:01.922] thr=1   paramiko.transport: EOF in transport thread
DEB [20190315-08:36:33.529] thr=1   paramiko.transport: starting thread (client mode): 0x34b54a8
DEB [20190315-08:36:33.529] thr=1   paramiko.transport: Local version/idstring: SSH-2.0-paramiko_2.4.2
DEB [20190315-08:36:33.539] thr=1   paramiko.transport: Remote version/idstring: SSH-2.0-OpenSSH_7.4
INF [20190315-08:36:33.539] thr=1   paramiko.transport: Connected (version 2.0, client OpenSSH_7.4)
DEB [20190315-08:36:33.542] thr=1   paramiko.transport: kex algos:['curve25519-sha256', 'curve25519-sha256@libssh.org', 'ecdh-sha2-nistp256', 'ecdh-sha2-nistp384', 'ecdh-sha2-nistp521', 'diffie-hellman-group-exchange-sha256', 'diffie-hellman-group16-sha512', 'diffie-hellman-group18-sha512', 'diffie-hellman-group-exchange-sha1', 'diffie-hellman-group14-sha256', 'diffie-hellman-group14-sha1', 'diffie-hellman-group1-sha1'] server key:['ssh-rsa', 'rsa-sha2-512', 'rsa-sha2-256', 'ecdsa-sha2-nistp256', 'ssh-ed25519'] client encrypt:['chacha20-poly1305@openssh.com', 'aes128-ctr', 'aes192-ctr', 'aes256-ctr', 'aes128-gcm@openssh.com', 'aes256-gcm@openssh.com', 'aes128-cbc', 'aes192-cbc', 'aes256-cbc', 'blowfish-cbc', 'cast128-cbc', '3des-cbc'] server encrypt:['chacha20-poly1305@openssh.com', 'aes128-ctr', 'aes192-ctr', 'aes256-ctr', 'aes128-gcm@openssh.com', 'aes256-gcm@openssh.com', 'aes128-cbc', 'aes192-cbc', 'aes256-cbc', 'blowfish-cbc', 'cast128-cbc', '3des-cbc'] client mac:['umac-64-etm@openssh.com', 'umac-128-etm@openssh.com', 'hmac-sha2-256-etm@openssh.com', 'hmac-sha2-512-etm@openssh.com', 'hmac-sha1-etm@openssh.com', 'umac-64@openssh.com', 'umac-128@openssh.com', 'hmac-sha2-256', 'hmac-sha2-512', 'hmac-sha1'] server mac:['umac-64-etm@openssh.com', 'umac-128-etm@openssh.com', 'hmac-sha2-256-etm@openssh.com', 'hmac-sha2-512-etm@openssh.com', 'hmac-sha1-etm@openssh.com', 'umac-64@openssh.com', 'umac-128@openssh.com', 'hmac-sha2-256', 'hmac-sha2-512', 'hmac-sha1'] client compress:['none', 'zlib@openssh.com'] server compress:['none', 'zlib@openssh.com'] client lang:[''] server lang:[''] kex follows?False
DEB [20190315-08:36:33.542] thr=1   paramiko.transport: Kex agreed: ecdh-sha2-nistp256
DEB [20190315-08:36:33.542] thr=1   paramiko.transport: HostKey agreed: ssh-ed25519
DEB [20190315-08:36:33.542] thr=1   paramiko.transport: Cipher agreed: aes128-ctr
DEB [20190315-08:36:33.542] thr=1   paramiko.transport: MAC agreed: hmac-sha2-256
DEB [20190315-08:36:33.542] thr=1   paramiko.transport: Compression agreed: none
DEB [20190315-08:36:33.596] thr=1   paramiko.transport: kex engine KexNistp256 specified hash_algo <built-in function openssl_sha256>
DEB [20190315-08:36:33.596] thr=1   paramiko.transport: Switch to new keys ...
DEB [20190315-08:36:33.597] thr=2   paramiko.transport: Adding ssh-ed25519 host key for 192.168.0.64: b'0fdb200c9c07e0a06aae23de129d2d90'
DEB [20190315-08:36:33.636] thr=1   paramiko.transport: userauth is OK
INF [20190315-08:36:35.655] thr=1   paramiko.transport: Authentication (password) failed.
DEB [20190401-13:50:33.838] thr=1   paramiko.transport: starting thread (client mode): 0x34f4550
DEB [20190401-13:50:33.868] thr=1   paramiko.transport: Local version/idstring: SSH-2.0-paramiko_2.4.2
DEB [20190401-13:50:33.868] thr=1   paramiko.transport: Remote version/idstring: SSH-2.0-OpenSSH_7.4
INF [20190401-13:50:33.868] thr=1   paramiko.transport: Connected (version 2.0, client OpenSSH_7.4)
DEB [20190401-13:50:33.871] thr=1   paramiko.transport: kex algos:['curve25519-sha256', 'curve25519-sha256@libssh.org', 'ecdh-sha2-nistp256', 'ecdh-sha2-nistp384', 'ecdh-sha2-nistp521', 'diffie-hellman-group-exchange-sha256', 'diffie-hellman-group16-sha512', 'diffie-hellman-group18-sha512', 'diffie-hellman-group-exchange-sha1', 'diffie-hellman-group14-sha256', 'diffie-hellman-group14-sha1', 'diffie-hellman-group1-sha1'] server key:['ssh-rsa', 'rsa-sha2-512', 'rsa-sha2-256', 'ecdsa-sha2-nistp256', 'ssh-ed25519'] client encrypt:['chacha20-poly1305@openssh.com', 'aes128-ctr', 'aes192-ctr', 'aes256-ctr', 'aes128-gcm@openssh.com', 'aes256-gcm@openssh.com', 'aes128-cbc', 'aes192-cbc', 'aes256-cbc', 'blowfish-cbc', 'cast128-cbc', '3des-cbc'] server encrypt:['chacha20-poly1305@openssh.com', 'aes128-ctr', 'aes192-ctr', 'aes256-ctr', 'aes128-gcm@openssh.com', 'aes256-gcm@openssh.com', 'aes128-cbc', 'aes192-cbc', 'aes256-cbc', 'blowfish-cbc', 'cast128-cbc', '3des-cbc'] client mac:['umac-64-etm@openssh.com', 'umac-128-etm@openssh.com', 'hmac-sha2-256-etm@openssh.com', 'hmac-sha2-512-etm@openssh.com', 'hmac-sha1-etm@openssh.com', 'umac-64@openssh.com', 'umac-128@openssh.com', 'hmac-sha2-256', 'hmac-sha2-512', 'hmac-sha1'] server mac:['umac-64-etm@openssh.com', 'umac-128-etm@openssh.com', 'hmac-sha2-256-etm@openssh.com', 'hmac-sha2-512-etm@openssh.com', 'hmac-sha1-etm@openssh.com', 'umac-64@openssh.com', 'umac-128@openssh.com', 'hmac-sha2-256', 'hmac-sha2-512', 'hmac-sha1'] client compress:['none', 'zlib@openssh.com'] server compress:['none', 'zlib@openssh.com'] client lang:[''] server lang:[''] kex follows?False
DEB [20190401-13:50:33.871] thr=1   paramiko.transport: Kex agreed: ecdh-sha2-nistp256
DEB [20190401-13:50:33.871] thr=1   paramiko.transport: HostKey agreed: ssh-ed25519
DEB [20190401-13:50:33.871] thr=1   paramiko.transport: Cipher agreed: aes128-ctr
DEB [20190401-13:50:33.871] thr=1   paramiko.transport: MAC agreed: hmac-sha2-256
DEB [20190401-13:50:33.871] thr=1   paramiko.transport: Compression agreed: none
DEB [20190401-13:50:33.996] thr=1   paramiko.transport: kex engine KexNistp256 specified hash_algo <built-in function openssl_sha256>
DEB [20190401-13:50:33.996] thr=1   paramiko.transport: Switch to new keys ...
DEB [20190401-13:50:33.996] thr=2   paramiko.transport: Adding ssh-ed25519 host key for 192.168.0.64: b'0fdb200c9c07e0a06aae23de129d2d90'
DEB [20190401-13:50:34.036] thr=1   paramiko.transport: userauth is OK
INF [20190401-13:50:34.046] thr=1   paramiko.transport: Authentication (password) successful!
DEB [20190401-13:50:34.046] thr=2   paramiko.transport: [chan 0] Max packet in: 32768 bytes
DEB [20190401-13:50:34.055] thr=1   paramiko.transport: Received global request "hostkeys-00@openssh.com"
DEB [20190401-13:50:34.055] thr=1   paramiko.transport: Rejecting "hostkeys-00@openssh.com" global request from server.
DEB [20190401-13:50:34.256] thr=1   paramiko.transport: [chan 0] Max packet out: 32768 bytes
DEB [20190401-13:50:34.256] thr=1   paramiko.transport: Secsh channel 0 opened.
DEB [20190401-13:50:34.257] thr=1   paramiko.transport: [chan 0] Sesch channel 0 request ok
DEB [20190401-13:50:34.919] thr=1   paramiko.transport: [chan 0] EOF received (0)
DEB [20190401-13:50:34.919] thr=1   paramiko.transport: [chan 0] EOF sent (0)
DEB [20190401-13:51:17.691] thr=1   paramiko.transport: starting thread (client mode): 0x34b4550
DEB [20190401-13:51:17.691] thr=1   paramiko.transport: Local version/idstring: SSH-2.0-paramiko_2.4.2
DEB [20190401-13:51:17.697] thr=1   paramiko.transport: Remote version/idstring: SSH-2.0-OpenSSH_7.4
INF [20190401-13:51:17.697] thr=1   paramiko.transport: Connected (version 2.0, client OpenSSH_7.4)
DEB [20190401-13:51:17.699] thr=1   paramiko.transport: kex algos:['curve25519-sha256', 'curve25519-sha256@libssh.org', 'ecdh-sha2-nistp256', 'ecdh-sha2-nistp384', 'ecdh-sha2-nistp521', 'diffie-hellman-group-exchange-sha256', 'diffie-hellman-group16-sha512', 'diffie-hellman-group18-sha512', 'diffie-hellman-group-exchange-sha1', 'diffie-hellman-group14-sha256', 'diffie-hellman-group14-sha1', 'diffie-hellman-group1-sha1'] server key:['ssh-rsa', 'rsa-sha2-512', 'rsa-sha2-256', 'ecdsa-sha2-nistp256', 'ssh-ed25519'] client encrypt:['chacha20-poly1305@openssh.com', 'aes128-ctr', 'aes192-ctr', 'aes256-ctr', 'aes128-gcm@openssh.com', 'aes256-gcm@openssh.com', 'aes128-cbc', 'aes192-cbc', 'aes256-cbc', 'blowfish-cbc', 'cast128-cbc', '3des-cbc'] server encrypt:['chacha20-poly1305@openssh.com', 'aes128-ctr', 'aes192-ctr', 'aes256-ctr', 'aes128-gcm@openssh.com', 'aes256-gcm@openssh.com', 'aes128-cbc', 'aes192-cbc', 'aes256-cbc', 'blowfish-cbc', 'cast128-cbc', '3des-cbc'] client mac:['umac-64-etm@openssh.com', 'umac-128-etm@openssh.com', 'hmac-sha2-256-etm@openssh.com', 'hmac-sha2-512-etm@openssh.com', 'hmac-sha1-etm@openssh.com', 'umac-64@openssh.com', 'umac-128@openssh.com', 'hmac-sha2-256', 'hmac-sha2-512', 'hmac-sha1'] server mac:['umac-64-etm@openssh.com', 'umac-128-etm@openssh.com', 'hmac-sha2-256-etm@openssh.com', 'hmac-sha2-512-etm@openssh.com', 'hmac-sha1-etm@openssh.com', 'umac-64@openssh.com', 'umac-128@openssh.com', 'hmac-sha2-256', 'hmac-sha2-512', 'hmac-sha1'] client compress:['none', 'zlib@openssh.com'] server compress:['none', 'zlib@openssh.com'] client lang:[''] server lang:[''] kex follows?False
DEB [20190401-13:51:17.699] thr=1   paramiko.transport: Kex agreed: ecdh-sha2-nistp256
DEB [20190401-13:51:17.699] thr=1   paramiko.transport: HostKey agreed: ssh-ed25519
DEB [20190401-13:51:17.699] thr=1   paramiko.transport: Cipher agreed: aes128-ctr
DEB [20190401-13:51:17.699] thr=1   paramiko.transport: MAC agreed: hmac-sha2-256
DEB [20190401-13:51:17.699] thr=1   paramiko.transport: Compression agreed: none
DEB [20190401-13:51:17.779] thr=1   paramiko.transport: kex engine KexNistp256 specified hash_algo <built-in function openssl_sha256>
DEB [20190401-13:51:17.779] thr=1   paramiko.transport: Switch to new keys ...
DEB [20190401-13:51:17.779] thr=2   paramiko.transport: Adding ssh-ed25519 host key for 192.168.0.64: b'0fdb200c9c07e0a06aae23de129d2d90'
DEB [20190401-13:51:17.819] thr=1   paramiko.transport: userauth is OK
INF [20190401-13:51:17.830] thr=1   paramiko.transport: Authentication (password) successful!
DEB [20190401-13:51:17.830] thr=2   paramiko.transport: [chan 0] Max packet in: 32768 bytes
DEB [20190401-13:51:17.836] thr=1   paramiko.transport: Received global request "hostkeys-00@openssh.com"
DEB [20190401-13:51:17.836] thr=1   paramiko.transport: Rejecting "hostkeys-00@openssh.com" global request from server.
DEB [20190401-13:51:18.040] thr=1   paramiko.transport: [chan 0] Max packet out: 32768 bytes
DEB [20190401-13:51:18.040] thr=1   paramiko.transport: Secsh channel 0 opened.
DEB [20190401-13:51:18.041] thr=1   paramiko.transport: [chan 0] Sesch channel 0 request ok
DEB [20190401-13:51:18.673] thr=1   paramiko.transport: [chan 0] EOF received (0)
DEB [20190401-13:51:18.674] thr=1   paramiko.transport: [chan 0] EOF sent (0)
DEB [20190401-14:08:56.639] thr=1   paramiko.transport: starting thread (client mode): 0x34c4550
DEB [20190401-14:08:56.639] thr=1   paramiko.transport: Local version/idstring: SSH-2.0-paramiko_2.4.2
DEB [20190401-14:08:56.644] thr=1   paramiko.transport: Remote version/idstring: SSH-2.0-OpenSSH_7.4
INF [20190401-14:08:56.644] thr=1   paramiko.transport: Connected (version 2.0, client OpenSSH_7.4)
DEB [20190401-14:08:56.646] thr=1   paramiko.transport: kex algos:['curve25519-sha256', 'curve25519-sha256@libssh.org', 'ecdh-sha2-nistp256', 'ecdh-sha2-nistp384', 'ecdh-sha2-nistp521', 'diffie-hellman-group-exchange-sha256', 'diffie-hellman-group16-sha512', 'diffie-hellman-group18-sha512', 'diffie-hellman-group-exchange-sha1', 'diffie-hellman-group14-sha256', 'diffie-hellman-group14-sha1', 'diffie-hellman-group1-sha1'] server key:['ssh-rsa', 'rsa-sha2-512', 'rsa-sha2-256', 'ecdsa-sha2-nistp256', 'ssh-ed25519'] client encrypt:['chacha20-poly1305@openssh.com', 'aes128-ctr', 'aes192-ctr', 'aes256-ctr', 'aes128-gcm@openssh.com', 'aes256-gcm@openssh.com', 'aes128-cbc', 'aes192-cbc', 'aes256-cbc', 'blowfish-cbc', 'cast128-cbc', '3des-cbc'] server encrypt:['chacha20-poly1305@openssh.com', 'aes128-ctr', 'aes192-ctr', 'aes256-ctr', 'aes128-gcm@openssh.com', 'aes256-gcm@openssh.com', 'aes128-cbc', 'aes192-cbc', 'aes256-cbc', 'blowfish-cbc', 'cast128-cbc', '3des-cbc'] client mac:['umac-64-etm@openssh.com', 'umac-128-etm@openssh.com', 'hmac-sha2-256-etm@openssh.com', 'hmac-sha2-512-etm@openssh.com', 'hmac-sha1-etm@openssh.com', 'umac-64@openssh.com', 'umac-128@openssh.com', 'hmac-sha2-256', 'hmac-sha2-512', 'hmac-sha1'] server mac:['umac-64-etm@openssh.com', 'umac-128-etm@openssh.com', 'hmac-sha2-256-etm@openssh.com', 'hmac-sha2-512-etm@openssh.com', 'hmac-sha1-etm@openssh.com', 'umac-64@openssh.com', 'umac-128@openssh.com', 'hmac-sha2-256', 'hmac-sha2-512', 'hmac-sha1'] client compress:['none', 'zlib@openssh.com'] server compress:['none', 'zlib@openssh.com'] client lang:[''] server lang:[''] kex follows?False
DEB [20190401-14:08:56.647] thr=1   paramiko.transport: Kex agreed: ecdh-sha2-nistp256
DEB [20190401-14:08:56.647] thr=1   paramiko.transport: HostKey agreed: ssh-ed25519
DEB [20190401-14:08:56.647] thr=1   paramiko.transport: Cipher agreed: aes128-ctr
DEB [20190401-14:08:56.647] thr=1   paramiko.transport: MAC agreed: hmac-sha2-256
DEB [20190401-14:08:56.647] thr=1   paramiko.transport: Compression agreed: none
DEB [20190401-14:08:56.730] thr=1   paramiko.transport: kex engine KexNistp256 specified hash_algo <built-in function openssl_sha256>
DEB [20190401-14:08:56.732] thr=1   paramiko.transport: Switch to new keys ...
DEB [20190401-14:08:56.732] thr=2   paramiko.transport: Adding ssh-ed25519 host key for 192.168.0.64: b'0fdb200c9c07e0a06aae23de129d2d90'
DEB [20190401-14:08:56.771] thr=1   paramiko.transport: userauth is OK
INF [20190401-14:08:56.780] thr=1   paramiko.transport: Authentication (password) successful!
DEB [20190401-14:08:56.780] thr=2   paramiko.transport: [chan 0] Max packet in: 32768 bytes
DEB [20190401-14:08:56.788] thr=1   paramiko.transport: Received global request "hostkeys-00@openssh.com"
DEB [20190401-14:08:56.788] thr=1   paramiko.transport: Rejecting "hostkeys-00@openssh.com" global request from server.
DEB [20190401-14:08:56.987] thr=1   paramiko.transport: [chan 0] Max packet out: 32768 bytes
DEB [20190401-14:08:56.987] thr=1   paramiko.transport: Secsh channel 0 opened.
DEB [20190401-14:08:56.988] thr=1   paramiko.transport: [chan 0] Sesch channel 0 request ok
DEB [20190401-14:08:57.615] thr=1   paramiko.transport: [chan 0] EOF received (0)
DEB [20190401-14:08:57.615] thr=1   paramiko.transport: [chan 0] EOF sent (0)
DEB [20190402-10:37:30.779] thr=1   paramiko.transport: starting thread (client mode): 0x34b4550
DEB [20190402-10:37:30.779] thr=1   paramiko.transport: Local version/idstring: SSH-2.0-paramiko_2.4.2
DEB [20190402-10:37:30.910] thr=1   paramiko.transport: Remote version/idstring: SSH-2.0-OpenSSH_7.4
INF [20190402-10:37:30.910] thr=1   paramiko.transport: Connected (version 2.0, client OpenSSH_7.4)
DEB [20190402-10:37:30.980] thr=1   paramiko.transport: kex algos:['curve25519-sha256', 'curve25519-sha256@libssh.org', 'ecdh-sha2-nistp256', 'ecdh-sha2-nistp384', 'ecdh-sha2-nistp521', 'diffie-hellman-group-exchange-sha256', 'diffie-hellman-group16-sha512', 'diffie-hellman-group18-sha512', 'diffie-hellman-group-exchange-sha1', 'diffie-hellman-group14-sha256', 'diffie-hellman-group14-sha1', 'diffie-hellman-group1-sha1'] server key:['ssh-rsa', 'rsa-sha2-512', 'rsa-sha2-256', 'ecdsa-sha2-nistp256', 'ssh-ed25519'] client encrypt:['chacha20-poly1305@openssh.com', 'aes128-ctr', 'aes192-ctr', 'aes256-ctr', 'aes128-gcm@openssh.com', 'aes256-gcm@openssh.com', 'aes128-cbc', 'aes192-cbc', 'aes256-cbc', 'blowfish-cbc', 'cast128-cbc', '3des-cbc'] server encrypt:['chacha20-poly1305@openssh.com', 'aes128-ctr', 'aes192-ctr', 'aes256-ctr', 'aes128-gcm@openssh.com', 'aes256-gcm@openssh.com', 'aes128-cbc', 'aes192-cbc', 'aes256-cbc', 'blowfish-cbc', 'cast128-cbc', '3des-cbc'] client mac:['umac-64-etm@openssh.com', 'umac-128-etm@openssh.com', 'hmac-sha2-256-etm@openssh.com', 'hmac-sha2-512-etm@openssh.com', 'hmac-sha1-etm@openssh.com', 'umac-64@openssh.com', 'umac-128@openssh.com', 'hmac-sha2-256', 'hmac-sha2-512', 'hmac-sha1'] server mac:['umac-64-etm@openssh.com', 'umac-128-etm@openssh.com', 'hmac-sha2-256-etm@openssh.com', 'hmac-sha2-512-etm@openssh.com', 'hmac-sha1-etm@openssh.com', 'umac-64@openssh.com', 'umac-128@openssh.com', 'hmac-sha2-256', 'hmac-sha2-512', 'hmac-sha1'] client compress:['none', 'zlib@openssh.com'] server compress:['none', 'zlib@openssh.com'] client lang:[''] server lang:[''] kex follows?False
DEB [20190402-10:37:30.980] thr=1   paramiko.transport: Kex agreed: ecdh-sha2-nistp256
DEB [20190402-10:37:30.980] thr=1   paramiko.transport: HostKey agreed: ssh-ed25519
DEB [20190402-10:37:30.980] thr=1   paramiko.transport: Cipher agreed: aes128-ctr
DEB [20190402-10:37:30.980] thr=1   paramiko.transport: MAC agreed: hmac-sha2-256
DEB [20190402-10:37:30.980] thr=1   paramiko.transport: Compression agreed: none
DEB [20190402-10:37:31.069] thr=1   paramiko.transport: kex engine KexNistp256 specified hash_algo <built-in function openssl_sha256>
DEB [20190402-10:37:31.070] thr=1   paramiko.transport: Switch to new keys ...
DEB [20190402-10:37:31.070] thr=2   paramiko.transport: Adding ssh-ed25519 host key for 192.168.0.64: b'0fdb200c9c07e0a06aae23de129d2d90'
DEB [20190402-10:37:31.113] thr=1   paramiko.transport: userauth is OK
INF [20190402-10:37:31.144] thr=1   paramiko.transport: Authentication (password) successful!
DEB [20190402-10:37:31.144] thr=2   paramiko.transport: [chan 0] Max packet in: 32768 bytes
DEB [20190402-10:37:31.219] thr=1   paramiko.transport: Received global request "hostkeys-00@openssh.com"
DEB [20190402-10:37:31.219] thr=1   paramiko.transport: Rejecting "hostkeys-00@openssh.com" global request from server.
DEB [20190402-10:37:31.417] thr=1   paramiko.transport: [chan 0] Max packet out: 32768 bytes
DEB [20190402-10:37:31.417] thr=1   paramiko.transport: Secsh channel 0 opened.
DEB [20190402-10:37:31.419] thr=1   paramiko.transport: [chan 0] Sesch channel 0 request ok
DEB [20190402-10:37:32.054] thr=1   paramiko.transport: [chan 0] EOF received (0)
DEB [20190402-10:37:57.921] thr=1   paramiko.transport: starting thread (client mode): 0x34b4550
DEB [20190402-10:37:57.921] thr=1   paramiko.transport: Local version/idstring: SSH-2.0-paramiko_2.4.2
DEB [20190402-10:37:57.934] thr=1   paramiko.transport: Remote version/idstring: SSH-2.0-OpenSSH_7.4
INF [20190402-10:37:57.934] thr=1   paramiko.transport: Connected (version 2.0, client OpenSSH_7.4)
DEB [20190402-10:37:57.937] thr=1   paramiko.transport: kex algos:['curve25519-sha256', 'curve25519-sha256@libssh.org', 'ecdh-sha2-nistp256', 'ecdh-sha2-nistp384', 'ecdh-sha2-nistp521', 'diffie-hellman-group-exchange-sha256', 'diffie-hellman-group16-sha512', 'diffie-hellman-group18-sha512', 'diffie-hellman-group-exchange-sha1', 'diffie-hellman-group14-sha256', 'diffie-hellman-group14-sha1', 'diffie-hellman-group1-sha1'] server key:['ssh-rsa', 'rsa-sha2-512', 'rsa-sha2-256', 'ecdsa-sha2-nistp256', 'ssh-ed25519'] client encrypt:['chacha20-poly1305@openssh.com', 'aes128-ctr', 'aes192-ctr', 'aes256-ctr', 'aes128-gcm@openssh.com', 'aes256-gcm@openssh.com', 'aes128-cbc', 'aes192-cbc', 'aes256-cbc', 'blowfish-cbc', 'cast128-cbc', '3des-cbc'] server encrypt:['chacha20-poly1305@openssh.com', 'aes128-ctr', 'aes192-ctr', 'aes256-ctr', 'aes128-gcm@openssh.com', 'aes256-gcm@openssh.com', 'aes128-cbc', 'aes192-cbc', 'aes256-cbc', 'blowfish-cbc', 'cast128-cbc', '3des-cbc'] client mac:['umac-64-etm@openssh.com', 'umac-128-etm@openssh.com', 'hmac-sha2-256-etm@openssh.com', 'hmac-sha2-512-etm@openssh.com', 'hmac-sha1-etm@openssh.com', 'umac-64@openssh.com', 'umac-128@openssh.com', 'hmac-sha2-256', 'hmac-sha2-512', 'hmac-sha1'] server mac:['umac-64-etm@openssh.com', 'umac-128-etm@openssh.com', 'hmac-sha2-256-etm@openssh.com', 'hmac-sha2-512-etm@openssh.com', 'hmac-sha1-etm@openssh.com', 'umac-64@openssh.com', 'umac-128@openssh.com', 'hmac-sha2-256', 'hmac-sha2-512', 'hmac-sha1'] client compress:['none', 'zlib@openssh.com'] server compress:['none', 'zlib@openssh.com'] client lang:[''] server lang:[''] kex follows?False
DEB [20190402-10:37:57.937] thr=1   paramiko.transport: Kex agreed: ecdh-sha2-nistp256
DEB [20190402-10:37:57.937] thr=1   paramiko.transport: HostKey agreed: ssh-ed25519
DEB [20190402-10:37:57.937] thr=1   paramiko.transport: Cipher agreed: aes128-ctr
DEB [20190402-10:37:57.937] thr=1   paramiko.transport: MAC agreed: hmac-sha2-256
DEB [20190402-10:37:57.937] thr=1   paramiko.transport: Compression agreed: none
DEB [20190402-10:37:58.020] thr=1   paramiko.transport: kex engine KexNistp256 specified hash_algo <built-in function openssl_sha256>
DEB [20190402-10:37:58.020] thr=1   paramiko.transport: Switch to new keys ...
DEB [20190402-10:37:58.020] thr=2   paramiko.transport: Adding ssh-ed25519 host key for 192.168.0.64: b'0fdb200c9c07e0a06aae23de129d2d90'
DEB [20190402-10:37:58.060] thr=1   paramiko.transport: userauth is OK
INF [20190402-10:37:58.078] thr=1   paramiko.transport: Authentication (password) successful!
DEB [20190402-10:37:58.078] thr=2   paramiko.transport: [chan 0] Max packet in: 32768 bytes
DEB [20190402-10:37:58.092] thr=1   paramiko.transport: Received global request "hostkeys-00@openssh.com"
DEB [20190402-10:37:58.092] thr=1   paramiko.transport: Rejecting "hostkeys-00@openssh.com" global request from server.
DEB [20190402-10:37:58.291] thr=1   paramiko.transport: [chan 0] Max packet out: 32768 bytes
DEB [20190402-10:37:58.291] thr=1   paramiko.transport: Secsh channel 0 opened.
DEB [20190402-10:37:58.312] thr=1   paramiko.transport: [chan 0] Sesch channel 0 request ok
DEB [20190402-10:37:58.966] thr=1   paramiko.transport: [chan 0] EOF received (0)
DEB [20190402-10:37:58.967] thr=1   paramiko.transport: EOF in transport thread
DEB [20190402-14:28:57.035] thr=1   paramiko.transport: starting thread (client mode): 0x34b44e0
DEB [20190402-14:28:57.035] thr=1   paramiko.transport: Local version/idstring: SSH-2.0-paramiko_2.4.2
DEB [20190402-14:28:57.040] thr=1   paramiko.transport: Remote version/idstring: SSH-2.0-OpenSSH_7.4
INF [20190402-14:28:57.040] thr=1   paramiko.transport: Connected (version 2.0, client OpenSSH_7.4)
DEB [20190402-14:28:57.042] thr=1   paramiko.transport: kex algos:['curve25519-sha256', 'curve25519-sha256@libssh.org', 'ecdh-sha2-nistp256', 'ecdh-sha2-nistp384', 'ecdh-sha2-nistp521', 'diffie-hellman-group-exchange-sha256', 'diffie-hellman-group16-sha512', 'diffie-hellman-group18-sha512', 'diffie-hellman-group-exchange-sha1', 'diffie-hellman-group14-sha256', 'diffie-hellman-group14-sha1', 'diffie-hellman-group1-sha1'] server key:['ssh-rsa', 'rsa-sha2-512', 'rsa-sha2-256', 'ecdsa-sha2-nistp256', 'ssh-ed25519'] client encrypt:['chacha20-poly1305@openssh.com', 'aes128-ctr', 'aes192-ctr', 'aes256-ctr', 'aes128-gcm@openssh.com', 'aes256-gcm@openssh.com', 'aes128-cbc', 'aes192-cbc', 'aes256-cbc', 'blowfish-cbc', 'cast128-cbc', '3des-cbc'] server encrypt:['chacha20-poly1305@openssh.com', 'aes128-ctr', 'aes192-ctr', 'aes256-ctr', 'aes128-gcm@openssh.com', 'aes256-gcm@openssh.com', 'aes128-cbc', 'aes192-cbc', 'aes256-cbc', 'blowfish-cbc', 'cast128-cbc', '3des-cbc'] client mac:['umac-64-etm@openssh.com', 'umac-128-etm@openssh.com', 'hmac-sha2-256-etm@openssh.com', 'hmac-sha2-512-etm@openssh.com', 'hmac-sha1-etm@openssh.com', 'umac-64@openssh.com', 'umac-128@openssh.com', 'hmac-sha2-256', 'hmac-sha2-512', 'hmac-sha1'] server mac:['umac-64-etm@openssh.com', 'umac-128-etm@openssh.com', 'hmac-sha2-256-etm@openssh.com', 'hmac-sha2-512-etm@openssh.com', 'hmac-sha1-etm@openssh.com', 'umac-64@openssh.com', 'umac-128@openssh.com', 'hmac-sha2-256', 'hmac-sha2-512', 'hmac-sha1'] client compress:['none', 'zlib@openssh.com'] server compress:['none', 'zlib@openssh.com'] client lang:[''] server lang:[''] kex follows?False
DEB [20190402-14:28:57.042] thr=1   paramiko.transport: Kex agreed: ecdh-sha2-nistp256
DEB [20190402-14:28:57.042] thr=1   paramiko.transport: HostKey agreed: ssh-ed25519
DEB [20190402-14:28:57.042] thr=1   paramiko.transport: Cipher agreed: aes128-ctr
DEB [20190402-14:28:57.042] thr=1   paramiko.transport: MAC agreed: hmac-sha2-256
DEB [20190402-14:28:57.042] thr=1   paramiko.transport: Compression agreed: none
DEB [20190402-14:28:57.128] thr=1   paramiko.transport: kex engine KexNistp256 specified hash_algo <built-in function openssl_sha256>
DEB [20190402-14:28:57.128] thr=1   paramiko.transport: Switch to new keys ...
DEB [20190402-14:28:57.128] thr=2   paramiko.transport: Adding ssh-ed25519 host key for 192.168.0.64: b'0fdb200c9c07e0a06aae23de129d2d90'
DEB [20190402-14:28:57.167] thr=1   paramiko.transport: userauth is OK
INF [20190402-14:28:57.177] thr=1   paramiko.transport: Authentication (password) successful!
DEB [20190402-14:28:57.177] thr=2   paramiko.transport: [chan 0] Max packet in: 32768 bytes
DEB [20190402-14:28:57.184] thr=1   paramiko.transport: Received global request "hostkeys-00@openssh.com"
DEB [20190402-14:28:57.184] thr=1   paramiko.transport: Rejecting "hostkeys-00@openssh.com" global request from server.
DEB [20190402-14:28:57.384] thr=1   paramiko.transport: [chan 0] Max packet out: 32768 bytes
DEB [20190402-14:28:57.384] thr=1   paramiko.transport: Secsh channel 0 opened.
DEB [20190402-14:28:57.385] thr=1   paramiko.transport: [chan 0] Sesch channel 0 request ok
DEB [20190402-14:28:58.020] thr=1   paramiko.transport: [chan 0] EOF received (0)
DEB [20190402-14:28:58.020] thr=1   paramiko.transport: [chan 0] EOF sent (0)
DEB [20190402-14:28:58.022] thr=1   paramiko.transport: Dropping user packet because connection is dead.
DEB [20190402-14:29:05.179] thr=1   paramiko.transport: starting thread (client mode): 0x34b4550
DEB [20190402-14:29:05.180] thr=1   paramiko.transport: Local version/idstring: SSH-2.0-paramiko_2.4.2
DEB [20190402-14:29:05.184] thr=1   paramiko.transport: Remote version/idstring: SSH-2.0-OpenSSH_7.4
INF [20190402-14:29:05.184] thr=1   paramiko.transport: Connected (version 2.0, client OpenSSH_7.4)
DEB [20190402-14:29:05.185] thr=1   paramiko.transport: kex algos:['curve25519-sha256', 'curve25519-sha256@libssh.org', 'ecdh-sha2-nistp256', 'ecdh-sha2-nistp384', 'ecdh-sha2-nistp521', 'diffie-hellman-group-exchange-sha256', 'diffie-hellman-group16-sha512', 'diffie-hellman-group18-sha512', 'diffie-hellman-group-exchange-sha1', 'diffie-hellman-group14-sha256', 'diffie-hellman-group14-sha1', 'diffie-hellman-group1-sha1'] server key:['ssh-rsa', 'rsa-sha2-512', 'rsa-sha2-256', 'ecdsa-sha2-nistp256', 'ssh-ed25519'] client encrypt:['chacha20-poly1305@openssh.com', 'aes128-ctr', 'aes192-ctr', 'aes256-ctr', 'aes128-gcm@openssh.com', 'aes256-gcm@openssh.com', 'aes128-cbc', 'aes192-cbc', 'aes256-cbc', 'blowfish-cbc', 'cast128-cbc', '3des-cbc'] server encrypt:['chacha20-poly1305@openssh.com', 'aes128-ctr', 'aes192-ctr', 'aes256-ctr', 'aes128-gcm@openssh.com', 'aes256-gcm@openssh.com', 'aes128-cbc', 'aes192-cbc', 'aes256-cbc', 'blowfish-cbc', 'cast128-cbc', '3des-cbc'] client mac:['umac-64-etm@openssh.com', 'umac-128-etm@openssh.com', 'hmac-sha2-256-etm@openssh.com', 'hmac-sha2-512-etm@openssh.com', 'hmac-sha1-etm@openssh.com', 'umac-64@openssh.com', 'umac-128@openssh.com', 'hmac-sha2-256', 'hmac-sha2-512', 'hmac-sha1'] server mac:['umac-64-etm@openssh.com', 'umac-128-etm@openssh.com', 'hmac-sha2-256-etm@openssh.com', 'hmac-sha2-512-etm@openssh.com', 'hmac-sha1-etm@openssh.com', 'umac-64@openssh.com', 'umac-128@openssh.com', 'hmac-sha2-256', 'hmac-sha2-512', 'hmac-sha1'] client compress:['none', 'zlib@openssh.com'] server compress:['none', 'zlib@openssh.com'] client lang:[''] server lang:[''] kex follows?False
DEB [20190402-14:29:05.185] thr=1   paramiko.transport: Kex agreed: ecdh-sha2-nistp256
DEB [20190402-14:29:05.185] thr=1   paramiko.transport: HostKey agreed: ssh-ed25519
DEB [20190402-14:29:05.185] thr=1   paramiko.transport: Cipher agreed: aes128-ctr
DEB [20190402-14:29:05.187] thr=1   paramiko.transport: MAC agreed: hmac-sha2-256
DEB [20190402-14:29:05.187] thr=1   paramiko.transport: Compression agreed: none
DEB [20190402-14:29:05.266] thr=1   paramiko.transport: kex engine KexNistp256 specified hash_algo <built-in function openssl_sha256>
DEB [20190402-14:29:05.266] thr=1   paramiko.transport: Switch to new keys ...
DEB [20190402-14:29:05.266] thr=2   paramiko.transport: Adding ssh-ed25519 host key for 192.168.0.64: b'0fdb200c9c07e0a06aae23de129d2d90'
DEB [20190402-14:29:05.305] thr=1   paramiko.transport: userauth is OK
INF [20190402-14:29:05.315] thr=1   paramiko.transport: Authentication (password) successful!
DEB [20190402-14:29:05.315] thr=2   paramiko.transport: [chan 0] Max packet in: 32768 bytes
DEB [20190402-14:29:05.322] thr=1   paramiko.transport: Received global request "hostkeys-00@openssh.com"
DEB [20190402-14:29:05.322] thr=1   paramiko.transport: Rejecting "hostkeys-00@openssh.com" global request from server.
DEB [20190402-14:29:05.518] thr=1   paramiko.transport: [chan 0] Max packet out: 32768 bytes
DEB [20190402-14:29:05.518] thr=1   paramiko.transport: Secsh channel 0 opened.
DEB [20190402-14:29:05.519] thr=1   paramiko.transport: [chan 0] Sesch channel 0 request ok
DEB [20190402-14:29:06.150] thr=1   paramiko.transport: [chan 0] EOF received (0)
DEB [20190402-14:29:06.150] thr=1   paramiko.transport: [chan 0] EOF sent (0)
DEB [20190402-14:29:06.151] thr=1   paramiko.transport: Dropping user packet because connection is dead.
DEB [20190402-15:41:12.371] thr=1   paramiko.transport: starting thread (client mode): 0x34b4550
DEB [20190402-15:41:12.371] thr=1   paramiko.transport: Local version/idstring: SSH-2.0-paramiko_2.4.2
DEB [20190402-15:41:12.381] thr=1   paramiko.transport: Remote version/idstring: SSH-2.0-OpenSSH_7.4
INF [20190402-15:41:12.381] thr=1   paramiko.transport: Connected (version 2.0, client OpenSSH_7.4)
DEB [20190402-15:41:12.383] thr=1   paramiko.transport: kex algos:['curve25519-sha256', 'curve25519-sha256@libssh.org', 'ecdh-sha2-nistp256', 'ecdh-sha2-nistp384', 'ecdh-sha2-nistp521', 'diffie-hellman-group-exchange-sha256', 'diffie-hellman-group16-sha512', 'diffie-hellman-group18-sha512', 'diffie-hellman-group-exchange-sha1', 'diffie-hellman-group14-sha256', 'diffie-hellman-group14-sha1', 'diffie-hellman-group1-sha1'] server key:['ssh-rsa', 'rsa-sha2-512', 'rsa-sha2-256', 'ecdsa-sha2-nistp256', 'ssh-ed25519'] client encrypt:['chacha20-poly1305@openssh.com', 'aes128-ctr', 'aes192-ctr', 'aes256-ctr', 'aes128-gcm@openssh.com', 'aes256-gcm@openssh.com', 'aes128-cbc', 'aes192-cbc', 'aes256-cbc', 'blowfish-cbc', 'cast128-cbc', '3des-cbc'] server encrypt:['chacha20-poly1305@openssh.com', 'aes128-ctr', 'aes192-ctr', 'aes256-ctr', 'aes128-gcm@openssh.com', 'aes256-gcm@openssh.com', 'aes128-cbc', 'aes192-cbc', 'aes256-cbc', 'blowfish-cbc', 'cast128-cbc', '3des-cbc'] client mac:['umac-64-etm@openssh.com', 'umac-128-etm@openssh.com', 'hmac-sha2-256-etm@openssh.com', 'hmac-sha2-512-etm@openssh.com', 'hmac-sha1-etm@openssh.com', 'umac-64@openssh.com', 'umac-128@openssh.com', 'hmac-sha2-256', 'hmac-sha2-512', 'hmac-sha1'] server mac:['umac-64-etm@openssh.com', 'umac-128-etm@openssh.com', 'hmac-sha2-256-etm@openssh.com', 'hmac-sha2-512-etm@openssh.com', 'hmac-sha1-etm@openssh.com', 'umac-64@openssh.com', 'umac-128@openssh.com', 'hmac-sha2-256', 'hmac-sha2-512', 'hmac-sha1'] client compress:['none', 'zlib@openssh.com'] server compress:['none', 'zlib@openssh.com'] client lang:[''] server lang:[''] kex follows?False
DEB [20190402-15:41:12.383] thr=1   paramiko.transport: Kex agreed: ecdh-sha2-nistp256
DEB [20190402-15:41:12.383] thr=1   paramiko.transport: HostKey agreed: ssh-ed25519
DEB [20190402-15:41:12.383] thr=1   paramiko.transport: Cipher agreed: aes128-ctr
DEB [20190402-15:41:12.383] thr=1   paramiko.transport: MAC agreed: hmac-sha2-256
DEB [20190402-15:41:12.383] thr=1   paramiko.transport: Compression agreed: none
DEB [20190402-15:41:12.468] thr=1   paramiko.transport: kex engine KexNistp256 specified hash_algo <built-in function openssl_sha256>
DEB [20190402-15:41:12.468] thr=1   paramiko.transport: Switch to new keys ...
DEB [20190402-15:41:12.470] thr=2   paramiko.transport: Adding ssh-ed25519 host key for 192.168.0.64: b'0fdb200c9c07e0a06aae23de129d2d90'
DEB [20190402-15:41:12.508] thr=1   paramiko.transport: userauth is OK
INF [20190402-15:41:12.519] thr=1   paramiko.transport: Authentication (password) successful!
DEB [20190402-15:41:12.519] thr=2   paramiko.transport: [chan 0] Max packet in: 32768 bytes
DEB [20190402-15:41:12.529] thr=1   paramiko.transport: Received global request "hostkeys-00@openssh.com"
DEB [20190402-15:41:12.529] thr=1   paramiko.transport: Rejecting "hostkeys-00@openssh.com" global request from server.
DEB [20190402-15:41:12.730] thr=1   paramiko.transport: [chan 0] Max packet out: 32768 bytes
DEB [20190402-15:41:12.730] thr=1   paramiko.transport: Secsh channel 0 opened.
DEB [20190402-15:41:12.732] thr=1   paramiko.transport: [chan 0] Sesch channel 0 request ok
DEB [20190402-15:41:13.388] thr=1   paramiko.transport: [chan 0] EOF received (0)
DEB [20190402-15:41:13.390] thr=1   paramiko.transport: [chan 0] EOF sent (0)
DEB [20190403-09:22:33.930] thr=1   paramiko.transport: starting thread (client mode): 0x34b4550
DEB [20190403-09:22:33.947] thr=1   paramiko.transport: Local version/idstring: SSH-2.0-paramiko_2.4.2
DEB [20190403-09:22:33.947] thr=1   paramiko.transport: Remote version/idstring: SSH-2.0-OpenSSH_7.4
INF [20190403-09:22:33.947] thr=1   paramiko.transport: Connected (version 2.0, client OpenSSH_7.4)
DEB [20190403-09:22:33.950] thr=1   paramiko.transport: kex algos:['curve25519-sha256', 'curve25519-sha256@libssh.org', 'ecdh-sha2-nistp256', 'ecdh-sha2-nistp384', 'ecdh-sha2-nistp521', 'diffie-hellman-group-exchange-sha256', 'diffie-hellman-group16-sha512', 'diffie-hellman-group18-sha512', 'diffie-hellman-group-exchange-sha1', 'diffie-hellman-group14-sha256', 'diffie-hellman-group14-sha1', 'diffie-hellman-group1-sha1'] server key:['ssh-rsa', 'rsa-sha2-512', 'rsa-sha2-256', 'ecdsa-sha2-nistp256', 'ssh-ed25519'] client encrypt:['chacha20-poly1305@openssh.com', 'aes128-ctr', 'aes192-ctr', 'aes256-ctr', 'aes128-gcm@openssh.com', 'aes256-gcm@openssh.com', 'aes128-cbc', 'aes192-cbc', 'aes256-cbc', 'blowfish-cbc', 'cast128-cbc', '3des-cbc'] server encrypt:['chacha20-poly1305@openssh.com', 'aes128-ctr', 'aes192-ctr', 'aes256-ctr', 'aes128-gcm@openssh.com', 'aes256-gcm@openssh.com', 'aes128-cbc', 'aes192-cbc', 'aes256-cbc', 'blowfish-cbc', 'cast128-cbc', '3des-cbc'] client mac:['umac-64-etm@openssh.com', 'umac-128-etm@openssh.com', 'hmac-sha2-256-etm@openssh.com', 'hmac-sha2-512-etm@openssh.com', 'hmac-sha1-etm@openssh.com', 'umac-64@openssh.com', 'umac-128@openssh.com', 'hmac-sha2-256', 'hmac-sha2-512', 'hmac-sha1'] server mac:['umac-64-etm@openssh.com', 'umac-128-etm@openssh.com', 'hmac-sha2-256-etm@openssh.com', 'hmac-sha2-512-etm@openssh.com', 'hmac-sha1-etm@openssh.com', 'umac-64@openssh.com', 'umac-128@openssh.com', 'hmac-sha2-256', 'hmac-sha2-512', 'hmac-sha1'] client compress:['none', 'zlib@openssh.com'] server compress:['none', 'zlib@openssh.com'] client lang:[''] server lang:[''] kex follows?False
DEB [20190403-09:22:33.950] thr=1   paramiko.transport: Kex agreed: ecdh-sha2-nistp256
DEB [20190403-09:22:33.950] thr=1   paramiko.transport: HostKey agreed: ssh-ed25519
DEB [20190403-09:22:33.950] thr=1   paramiko.transport: Cipher agreed: aes128-ctr
DEB [20190403-09:22:33.950] thr=1   paramiko.transport: MAC agreed: hmac-sha2-256
DEB [20190403-09:22:33.950] thr=1   paramiko.transport: Compression agreed: none
DEB [20190403-09:22:34.075] thr=1   paramiko.transport: kex engine KexNistp256 specified hash_algo <built-in function openssl_sha256>
DEB [20190403-09:22:34.076] thr=1   paramiko.transport: Switch to new keys ...
DEB [20190403-09:22:34.076] thr=2   paramiko.transport: Adding ssh-ed25519 host key for 192.168.0.64: b'0fdb200c9c07e0a06aae23de129d2d90'
DEB [20190403-09:22:34.115] thr=1   paramiko.transport: userauth is OK
INF [20190403-09:22:34.127] thr=1   paramiko.transport: Authentication (password) successful!
DEB [20190403-09:22:34.127] thr=2   paramiko.transport: [chan 0] Max packet in: 32768 bytes
DEB [20190403-09:22:34.137] thr=1   paramiko.transport: Received global request "hostkeys-00@openssh.com"
DEB [20190403-09:22:34.139] thr=1   paramiko.transport: Rejecting "hostkeys-00@openssh.com" global request from server.
DEB [20190403-09:22:34.339] thr=1   paramiko.transport: [chan 0] Max packet out: 32768 bytes
DEB [20190403-09:22:34.339] thr=1   paramiko.transport: Secsh channel 0 opened.
DEB [20190403-09:22:34.342] thr=1   paramiko.transport: [chan 0] Sesch channel 0 request ok
DEB [20190403-09:22:35.080] thr=1   paramiko.transport: [chan 0] EOF received (0)
DEB [20190403-09:22:35.080] thr=1   paramiko.transport: [chan 0] EOF sent (0)
DEB [20190403-09:22:35.084] thr=1   paramiko.transport: EOF in transport thread
